{
  "stats": {
    "suites": 1,
    "tests": 1,
    "passes": 1,
    "pending": 0,
    "failures": 0,
    "start": "2020-05-17T03:23:43.301Z",
    "end": "2020-05-17T03:23:45.134Z",
    "duration": 1833,
    "testsRegistered": 1,
    "passPercent": 100,
    "pendingPercent": 0,
    "other": 0,
    "hasOther": false,
    "skipped": 0,
    "hasSkipped": false
  },
  "results": [
    {
      "uuid": "df4af1a5-ddd1-4092-9f78-175dd0a7a03c",
      "title": "",
      "fullFile": "",
      "file": "",
      "beforeHooks": [],
      "afterHooks": [],
      "tests": [],
      "suites": [
        {
          "uuid": "a1e8f47e-5394-412f-8af6-f1f30fa0b958",
          "title": "對CoinOrder單元測試",
          "fullFile": "/home/simon/mycode/appstart/src/test/coin_order.spec.ts",
          "file": "/src/test/coin_order.spec.ts",
          "beforeHooks": [
            {
              "title": "\"before all\" hook",
              "fullTitle": "對CoinOrder單元測試 \"before all\" hook",
              "timedOut": false,
              "duration": 1775,
              "state": null,
              "speed": null,
              "pass": false,
              "fail": false,
              "pending": false,
              "context": null,
              "code": "return __awaiter(_this, void 0, void 0, function () {\n        var e_1;\n        return __generator(this, function (_a) {\n            switch (_a.label) {\n                case 0:\n                    _a.trys.push([0, 2, , 5]);\n                    return [4 /*yield*/, typeorm_1.getConnection(\"test\")];\n                case 1:\n                    connection = _a.sent();\n                    return [3 /*break*/, 5];\n                case 2:\n                    e_1 = _a.sent();\n                    if (!!connection) return [3 /*break*/, 4];\n                    return [4 /*yield*/, typeorm_1.createConnection(process.env.NODE_ENV || 'test')];\n                case 3:\n                    connection = _a.sent();\n                    _a.label = 4;\n                case 4: return [3 /*break*/, 5];\n                case 5: return [2 /*return*/];\n            }\n        });\n    });",
              "err": {},
              "uuid": "2ac5c22d-f884-4543-962d-4fb99e1c49df",
              "parentUUID": "a1e8f47e-5394-412f-8af6-f1f30fa0b958",
              "isHook": true,
              "skipped": false
            }
          ],
          "afterHooks": [
            {
              "title": "\"after all\" hook",
              "fullTitle": "對CoinOrder單元測試 \"after all\" hook",
              "timedOut": false,
              "duration": 0,
              "state": null,
              "speed": null,
              "pass": false,
              "fail": false,
              "pending": false,
              "context": null,
              "code": "return __awaiter(_this, void 0, void 0, function () {\n        return __generator(this, function (_a) {\n            return [2 /*return*/];\n        });\n    });",
              "err": {},
              "uuid": "aeed2970-7691-4b93-8032-1e7e7cb2b364",
              "parentUUID": "a1e8f47e-5394-412f-8af6-f1f30fa0b958",
              "isHook": true,
              "skipped": false
            }
          ],
          "tests": [
            {
              "title": "創建連個訂單，並且計算在一定價格中的獲益",
              "fullTitle": "對CoinOrder單元測試 創建連個訂單，並且計算在一定價格中的獲益",
              "timedOut": false,
              "duration": 50,
              "state": "passed",
              "speed": "medium",
              "pass": true,
              "fail": false,
              "pending": false,
              "context": null,
              "code": "return __awaiter(_this, void 0, void 0, function () {\n        var repository, order, currentPrice, orderFind, profit;\n        return __generator(this, function (_a) {\n            switch (_a.label) {\n                case 0:\n                    repository = connection.getRepository(CoinOrder_1.CoinOrder);\n                    order = repository.create({\n                        price: 9377.46,\n                        ticker: 'BTCUSDT',\n                        cost: 15,\n                        quantity: 15 / 9287.45,\n                        limitLoss: 9234.11,\n                        limitWin: 9465.11,\n                    });\n                    return [4 /*yield*/, repository.save(order)];\n                case 1:\n                    _a.sent();\n                    currentPrice = 9522.11;\n                    return [4 /*yield*/, repository.findOne({\n                            limitWin: typeorm_1.LessThanOrEqual(currentPrice),\n                            isBack: false,\n                        })];\n                case 2:\n                    orderFind = _a.sent();\n                    profit = orderFind.quantity * currentPrice - 15;\n                    console.log(profit);\n                    return [2 /*return*/];\n            }\n        });\n    });",
              "err": {},
              "uuid": "efec74d8-c135-45b9-9046-62bb8933048a",
              "parentUUID": "a1e8f47e-5394-412f-8af6-f1f30fa0b958",
              "isHook": false,
              "skipped": false
            }
          ],
          "suites": [],
          "passes": [
            "efec74d8-c135-45b9-9046-62bb8933048a"
          ],
          "failures": [],
          "pending": [],
          "skipped": [],
          "duration": 50,
          "root": false,
          "rootEmpty": false,
          "_timeout": 2000
        }
      ],
      "passes": [],
      "failures": [],
      "pending": [],
      "skipped": [],
      "duration": 0,
      "root": true,
      "rootEmpty": true,
      "_timeout": 2000
    }
  ],
  "meta": {
    "mocha": {
      "version": "7.1.1"
    },
    "mochawesome": {
      "options": {
        "quiet": false,
        "reportFilename": "mochawesome",
        "saveHtml": true,
        "saveJson": true,
        "consoleReporter": "spec",
        "useInlineDiffs": false,
        "code": true
      },
      "version": "5.0.0"
    },
    "marge": {
      "options": null,
      "version": "4.1.0"
    }
  }
}